<?xml version="1.0" encoding="UTF-8"?>
<!-- Generated by org.testng.reporters.JUnitXMLReporter -->
<testsuite ignored="6" hostname="Pixentia-D69" failures="0" tests="8" name="All Functional Tests" time="144.077" errors="0" timestamp="2026-02-05T19:25:01 IST">
  <testcase classname="smoke.LoginWithdataproviderPOM" name="login" time="3.523"/>
  <testcase classname="smoke.LoginWithdataproviderPOM" name="login" time="2.148"/>
  <testcase classname="smoke.LoginWithdataproviderPOM" name="login" time="1.986"/>
  <testcase classname="smoke.LoginWithdataproviderPOM" name="login" time="1.989"/>
  <testcase classname="smoke.LoginWithdataproviderPOM" name="login" time="0.344"/>
  <testcase classname="regression.SignUPWithPOM" name="SignUPValidation" time="9.419"/>
  <testcase classname="regression.StepperPOM" name="stepperpagetest" time="21.379"/>
  <testcase classname="regression.GAdmin_HomewithPOM" name="homePageRedirectionsvalidation" time="45.643"/>
  <testcase classname="base.BaseTest" name="@AfterTest reportsFlush" time="0.0">
    <ignored/>
  </testcase> <!-- @AfterTest reportsFlush -->
  <testcase classname="base.BaseTest" name="@BeforeTest fileConfiuration" time="0.0">
    <ignored/>
  </testcase> <!-- @BeforeTest fileConfiuration -->
  <testcase classname="base.BaseTest" name="@BeforeTest fileConfiuration" time="0.0">
    <ignored/>
  </testcase> <!-- @BeforeTest fileConfiuration -->
  <testcase classname="base.BaseTest" name="@AfterTest reportsFlush" time="0.0">
    <ignored/>
  </testcase> <!-- @AfterTest reportsFlush -->
  <testcase classname="base.BaseTest" name="@BeforeTest fileConfiuration" time="0.0">
    <ignored/>
  </testcase> <!-- @BeforeTest fileConfiuration -->
  <testcase classname="base.BaseTest" name="@AfterTest reportsFlush" time="0.0">
    <ignored/>
  </testcase> <!-- @AfterTest reportsFlush -->
</testsuite> <!-- All Functional Tests -->
