<?xml version="1.0" encoding="UTF-8"?>
<testng-results ignored="0" total="8" passed="8" failed="0" skipped="0">
  <reporter-output>
  </reporter-output>
  <suite started-at="2026-02-05T19:22:37 IST" name="Novo Automation Suite" finished-at="2026-02-05T19:25:01 IST" duration-ms="144077">
    <groups>
    </groups>
    <test started-at="2026-02-05T19:22:37 IST" name="All Functional Tests" finished-at="2026-02-05T19:25:01 IST" duration-ms="144077">
      <class name="regression.SignUPWithPOM">
        <test-method is-config="true" signature="browserSetup(java.lang.reflect.Method)[pri:0, instance:regression.SignUPWithPOM@bccb269]" started-at="2026-02-05T19:23:18 IST" name="browserSetup" finished-at="2026-02-05T19:23:24 IST" duration-ms="5962" status="PASS">
          <params>
            <param index="0">
              <value>
                <![CDATA[public void regression.SignUPWithPOM.SignUPValidation(java.util.HashMap)]]>
              </value>
            </param>
          </params>
          <reporter-output>
          </reporter-output>
        </test-method> <!-- browserSetup -->
        <test-method signature="SignUPValidation(java.util.HashMap)[pri:0, instance:regression.SignUPWithPOM@bccb269]" started-at="2026-02-05T19:23:24 IST" name="SignUPValidation" data-provider="getSignUPdata" finished-at="2026-02-05T19:23:34 IST" duration-ms="9419" status="PASS">
          <params>
            <param index="0">
              <value>
                <![CDATA[{Zip=520015, ConfPassword=Test123$, Email=test@pixentia.com, FirstName=Deepika, Address2=sign nagar, TestCaseID=TC_signup-001, Address1=Pipul Road, City=vijayawada, Emailexisterrormessage=Email already Exists , State=Andhra Pradesh, Country=Bharat, LastName=Lakkamraju, SuccessToasterMessage=, Password=Test123$}]]>
              </value>
            </param>
          </params>
          <reporter-output>
          </reporter-output>
        </test-method> <!-- SignUPValidation -->
        <test-method is-config="true" signature="tearDown()[pri:0, instance:regression.SignUPWithPOM@bccb269]" started-at="2026-02-05T19:23:34 IST" name="tearDown" finished-at="2026-02-05T19:23:34 IST" duration-ms="475" status="PASS">
          <reporter-output>
          </reporter-output>
        </test-method> <!-- tearDown -->
      </class> <!-- regression.SignUPWithPOM -->
      <class name="smoke.LoginWithdataproviderPOM">
        <test-method is-config="true" signature="fileConfiuration()[pri:0, instance:smoke.LoginWithdataproviderPOM@63475ace]" started-at="2026-02-05T19:22:37 IST" name="fileConfiuration" finished-at="2026-02-05T19:22:38 IST" duration-ms="357" status="PASS">
          <reporter-output>
          </reporter-output>
        </test-method> <!-- fileConfiuration -->
        <test-method is-config="true" signature="browserSetup(java.lang.reflect.Method)[pri:0, instance:smoke.LoginWithdataproviderPOM@63475ace]" started-at="2026-02-05T19:22:38 IST" name="browserSetup" finished-at="2026-02-05T19:22:46 IST" duration-ms="7095" status="PASS">
          <params>
            <param index="0">
              <value>
                <![CDATA[public void smoke.LoginWithdataproviderPOM.login(java.util.HashMap)]]>
              </value>
            </param>
          </params>
          <reporter-output>
          </reporter-output>
        </test-method> <!-- browserSetup -->
        <test-method signature="login(java.util.HashMap)[pri:0, instance:smoke.LoginWithdataproviderPOM@63475ace]" started-at="2026-02-05T19:22:46 IST" name="login" data-provider="getlogintestdata" finished-at="2026-02-05T19:22:49 IST" duration-ms="3523" status="PASS">
          <params>
            <param index="0">
              <value>
                <![CDATA[{Expected Title=Home, UserName=bdatla@pixentia.com, TestCaseID=TC_login-001, ExpectedErrorMessage=, ExpectedUserNameErrorMessage=, ExpectedPasswordErrorMessage=, Password=Test123$}]]>
              </value>
            </param>
          </params>
          <reporter-output>
          </reporter-output>
        </test-method> <!-- login -->
        <test-method is-config="true" signature="tearDown()[pri:0, instance:smoke.LoginWithdataproviderPOM@63475ace]" started-at="2026-02-05T19:22:49 IST" name="tearDown" finished-at="2026-02-05T19:22:50 IST" duration-ms="447" status="PASS">
          <reporter-output>
          </reporter-output>
        </test-method> <!-- tearDown -->
        <test-method is-config="true" signature="browserSetup(java.lang.reflect.Method)[pri:0, instance:smoke.LoginWithdataproviderPOM@63475ace]" started-at="2026-02-05T19:22:50 IST" name="browserSetup" finished-at="2026-02-05T19:22:55 IST" duration-ms="5528" status="PASS">
          <params>
            <param index="0">
              <value>
                <![CDATA[public void smoke.LoginWithdataproviderPOM.login(java.util.HashMap)]]>
              </value>
            </param>
          </params>
          <reporter-output>
          </reporter-output>
        </test-method> <!-- browserSetup -->
        <test-method signature="login(java.util.HashMap)[pri:0, instance:smoke.LoginWithdataproviderPOM@63475ace]" started-at="2026-02-05T19:22:55 IST" name="login" data-provider="getlogintestdata" finished-at="2026-02-05T19:22:57 IST" duration-ms="2148" status="PASS">
          <params>
            <param index="0">
              <value>
                <![CDATA[{Expected Title=ChasmaNOVO, UserName=bdatla@pixentia.com, TestCaseID=TC_login-002, ExpectedErrorMessage=Incorrect username or password., ExpectedUserNameErrorMessage=, ExpectedPasswordErrorMessage=, Password=Test1234}]]>
              </value>
            </param>
          </params>
          <reporter-output>
          </reporter-output>
        </test-method> <!-- login -->
        <test-method is-config="true" signature="tearDown()[pri:0, instance:smoke.LoginWithdataproviderPOM@63475ace]" started-at="2026-02-05T19:22:57 IST" name="tearDown" finished-at="2026-02-05T19:22:58 IST" duration-ms="543" status="PASS">
          <reporter-output>
          </reporter-output>
        </test-method> <!-- tearDown -->
        <test-method is-config="true" signature="browserSetup(java.lang.reflect.Method)[pri:0, instance:smoke.LoginWithdataproviderPOM@63475ace]" started-at="2026-02-05T19:22:58 IST" name="browserSetup" finished-at="2026-02-05T19:23:03 IST" duration-ms="5242" status="PASS">
          <params>
            <param index="0">
              <value>
                <![CDATA[public void smoke.LoginWithdataproviderPOM.login(java.util.HashMap)]]>
              </value>
            </param>
          </params>
          <reporter-output>
          </reporter-output>
        </test-method> <!-- browserSetup -->
        <test-method signature="login(java.util.HashMap)[pri:0, instance:smoke.LoginWithdataproviderPOM@63475ace]" started-at="2026-02-05T19:23:03 IST" name="login" data-provider="getlogintestdata" finished-at="2026-02-05T19:23:05 IST" duration-ms="1986" status="PASS">
          <params>
            <param index="0">
              <value>
                <![CDATA[{Expected Title=ChasmaNOVO, UserName=bdatla@phenom.com, TestCaseID=TC_login-003, ExpectedErrorMessage=Incorrect username or password., ExpectedUserNameErrorMessage=, ExpectedPasswordErrorMessage=, Password=Test123$}]]>
              </value>
            </param>
          </params>
          <reporter-output>
          </reporter-output>
        </test-method> <!-- login -->
        <test-method is-config="true" signature="tearDown()[pri:0, instance:smoke.LoginWithdataproviderPOM@63475ace]" started-at="2026-02-05T19:23:05 IST" name="tearDown" finished-at="2026-02-05T19:23:06 IST" duration-ms="295" status="PASS">
          <reporter-output>
          </reporter-output>
        </test-method> <!-- tearDown -->
        <test-method is-config="true" signature="browserSetup(java.lang.reflect.Method)[pri:0, instance:smoke.LoginWithdataproviderPOM@63475ace]" started-at="2026-02-05T19:23:06 IST" name="browserSetup" finished-at="2026-02-05T19:23:10 IST" duration-ms="4566" status="PASS">
          <params>
            <param index="0">
              <value>
                <![CDATA[public void smoke.LoginWithdataproviderPOM.login(java.util.HashMap)]]>
              </value>
            </param>
          </params>
          <reporter-output>
          </reporter-output>
        </test-method> <!-- browserSetup -->
        <test-method signature="login(java.util.HashMap)[pri:0, instance:smoke.LoginWithdataproviderPOM@63475ace]" started-at="2026-02-05T19:23:10 IST" name="login" data-provider="getlogintestdata" finished-at="2026-02-05T19:23:12 IST" duration-ms="1989" status="PASS">
          <params>
            <param index="0">
              <value>
                <![CDATA[{Expected Title=ChasmaNOVO, UserName=bdatla@phenom.com, TestCaseID=TC_login-004, ExpectedErrorMessage=Incorrect username or password., ExpectedUserNameErrorMessage=, ExpectedPasswordErrorMessage=, Password=test1234}]]>
              </value>
            </param>
          </params>
          <reporter-output>
          </reporter-output>
        </test-method> <!-- login -->
        <test-method is-config="true" signature="tearDown()[pri:0, instance:smoke.LoginWithdataproviderPOM@63475ace]" started-at="2026-02-05T19:23:12 IST" name="tearDown" finished-at="2026-02-05T19:23:13 IST" duration-ms="366" status="PASS">
          <reporter-output>
          </reporter-output>
        </test-method> <!-- tearDown -->
        <test-method is-config="true" signature="browserSetup(java.lang.reflect.Method)[pri:0, instance:smoke.LoginWithdataproviderPOM@63475ace]" started-at="2026-02-05T19:23:13 IST" name="browserSetup" finished-at="2026-02-05T19:23:17 IST" duration-ms="4632" status="PASS">
          <params>
            <param index="0">
              <value>
                <![CDATA[public void smoke.LoginWithdataproviderPOM.login(java.util.HashMap)]]>
              </value>
            </param>
          </params>
          <reporter-output>
          </reporter-output>
        </test-method> <!-- browserSetup -->
        <test-method signature="login(java.util.HashMap)[pri:0, instance:smoke.LoginWithdataproviderPOM@63475ace]" started-at="2026-02-05T19:23:17 IST" name="login" data-provider="getlogintestdata" finished-at="2026-02-05T19:23:18 IST" duration-ms="344" status="PASS">
          <params>
            <param index="0">
              <value>
                <![CDATA[{Expected Title=ChasmaNOVO, UserName=, TestCaseID=TC_login-005, ExpectedErrorMessage=, ExpectedUserNameErrorMessage=Username is required, ExpectedPasswordErrorMessage=Password is required, Password=}]]>
              </value>
            </param>
          </params>
          <reporter-output>
          </reporter-output>
        </test-method> <!-- login -->
        <test-method is-config="true" signature="tearDown()[pri:0, instance:smoke.LoginWithdataproviderPOM@63475ace]" started-at="2026-02-05T19:23:18 IST" name="tearDown" finished-at="2026-02-05T19:23:18 IST" duration-ms="303" status="PASS">
          <reporter-output>
          </reporter-output>
        </test-method> <!-- tearDown -->
        <test-method is-config="true" signature="reportsFlush()[pri:0, instance:smoke.LoginWithdataproviderPOM@63475ace]" started-at="2026-02-05T19:25:01 IST" name="reportsFlush" finished-at="2026-02-05T19:25:01 IST" duration-ms="402" status="PASS">
          <reporter-output>
          </reporter-output>
        </test-method> <!-- reportsFlush -->
      </class> <!-- smoke.LoginWithdataproviderPOM -->
      <class name="regression.GAdmin_HomewithPOM">
        <test-method is-config="true" signature="browserSetup(java.lang.reflect.Method)[pri:0, instance:regression.GAdmin_HomewithPOM@17f7cd29]" started-at="2026-02-05T19:24:09 IST" name="browserSetup" finished-at="2026-02-05T19:24:14 IST" duration-ms="5064" status="PASS">
          <params>
            <param index="0">
              <value>
                <![CDATA[public void regression.GAdmin_HomewithPOM.homePageRedirectionsvalidation()]]>
              </value>
            </param>
          </params>
          <reporter-output>
          </reporter-output>
        </test-method> <!-- browserSetup -->
        <test-method signature="homePageRedirectionsvalidation()[pri:0, instance:regression.GAdmin_HomewithPOM@17f7cd29]" started-at="2026-02-05T19:24:14 IST" name="homePageRedirectionsvalidation" finished-at="2026-02-05T19:25:00 IST" duration-ms="45643" status="PASS">
          <reporter-output>
          </reporter-output>
        </test-method> <!-- homePageRedirectionsvalidation -->
        <test-method is-config="true" signature="tearDown()[pri:0, instance:regression.GAdmin_HomewithPOM@17f7cd29]" started-at="2026-02-05T19:25:00 IST" name="tearDown" finished-at="2026-02-05T19:25:01 IST" duration-ms="570" status="PASS">
          <reporter-output>
          </reporter-output>
        </test-method> <!-- tearDown -->
      </class> <!-- regression.GAdmin_HomewithPOM -->
      <class name="regression.StepperPOM">
        <test-method is-config="true" signature="browserSetup(java.lang.reflect.Method)[pri:0, instance:regression.StepperPOM@609cd4d8]" started-at="2026-02-05T19:23:34 IST" name="browserSetup" finished-at="2026-02-05T19:23:47 IST" duration-ms="13297" status="PASS">
          <params>
            <param index="0">
              <value>
                <![CDATA[public void regression.StepperPOM.stepperpagetest(java.util.HashMap)]]>
              </value>
            </param>
          </params>
          <reporter-output>
          </reporter-output>
        </test-method> <!-- browserSetup -->
        <test-method signature="stepperpagetest(java.util.HashMap)[pri:0, instance:regression.StepperPOM@609cd4d8]" started-at="2026-02-05T19:23:47 IST" name="stepperpagetest" data-provider="getTestDataFromExcel" finished-at="2026-02-05T19:24:09 IST" duration-ms="21379" status="PASS">
          <params>
            <param index="0">
              <value>
                <![CDATA[{SkillName=Apache JMeter, SkillLevel=Beginner, Username=automationtest@pixentia.com, FirstName=Automation, JobCategory=Software Quality Assurance, TestCaseID=TC_stepper-001, LastName=Test, InterestData=Testing, Password=Test123$}]]>
              </value>
            </param>
          </params>
          <reporter-output>
          </reporter-output>
        </test-method> <!-- stepperpagetest -->
        <test-method is-config="true" signature="tearDown()[pri:0, instance:regression.StepperPOM@609cd4d8]" started-at="2026-02-05T19:24:09 IST" name="tearDown" finished-at="2026-02-05T19:24:09 IST" duration-ms="382" status="PASS">
          <reporter-output>
          </reporter-output>
        </test-method> <!-- tearDown -->
      </class> <!-- regression.StepperPOM -->
    </test> <!-- All Functional Tests -->
  </suite> <!-- Novo Automation Suite -->
</testng-results>
